# JRE version: OpenJDK Runtime Environment (8.0_242-b01) (build 1.8.0_242-release-1644-b01)
# Java VM: OpenJDK 64-Bit Server VM (25.242-b01 mixed mode windows-amd64 compressed oops)
Heap:
 PSYoungGen      total 178176K, used 81046K [0x00000000d5580000, 0x00000000e3600000, 0x0000000100000000)
  eden space 157184K, 38% used [0x00000000d5580000,0x00000000d91176f0,0x00000000def00000)
  from space 20992K, 95% used [0x00000000def00000,0x00000000e028e398,0x00000000e0380000)
  to   space 23552K, 0% used [0x00000000e1f00000,0x00000000e1f00000,0x00000000e3600000)
 ParOldGen       total 176128K, used 35314K [0x0000000080000000, 0x000000008ac00000, 0x00000000d5580000)
  object space 176128K, 20% used [0x0000000080000000,0x000000008227c990,0x000000008ac00000)
 Metaspace       used 75836K, capacity 79326K, committed 79448K, reserved 1118208K
  class space    used 10329K, capacity 11042K, committed 11136K, reserved 1048576K
GC Heap History (10 events):
Event: 13.921 GC heap before
{Heap before GC invocations=12 (full 2):
 PSYoungGen      total 125952K, used 125104K [0x00000000d5580000, 0x00000000df680000, 0x0000000100000000)
  eden space 113152K, 100% used [0x00000000d5580000,0x00000000dc400000,0x00000000dc400000)
  from space 12800K, 93% used [0x00000000dc400000,0x00000000dcfac000,0x00000000dd080000)
  to   space 14336K, 0% used [0x00000000de880000,0x00000000de880000,0x00000000df680000)
 ParOldGen       total 115200K, used 15844K [0x0000000080000000, 0x0000000087080000, 0x00000000d5580000)
  object space 115200K, 13% used [0x0000000080000000,0x0000000080f79050,0x0000000087080000)
 Metaspace       used 50129K, capacity 52294K, committed 52440K, reserved 1095680K
  class space    used 6685K, capacity 7104K, committed 7168K, reserved 1048576K
Event: 13.959 GC heap after
Heap after GC invocations=12 (full 2):
 PSYoungGen      total 147456K, used 14326K [0x00000000d5580000, 0x00000000dfc80000, 0x0000000100000000)
  eden space 133120K, 0% used [0x00000000d5580000,0x00000000d5580000,0x00000000dd780000)
  from space 14336K, 99% used [0x00000000de880000,0x00000000df67d9b0,0x00000000df680000)
  to   space 17408K, 0% used [0x00000000dd780000,0x00000000dd780000,0x00000000de880000)
 ParOldGen       total 115200K, used 19526K [0x0000000080000000, 0x0000000087080000, 0x00000000d5580000)
  object space 115200K, 16% used [0x0000000080000000,0x0000000081311850,0x0000000087080000)
 Metaspace       used 50129K, capacity 52294K, committed 52440K, reserved 1095680K
  class space    used 6685K, capacity 7104K, committed 7168K, reserved 1048576K
}
Event: 15.787 GC heap before
{Heap before GC invocations=13 (full 2):
 PSYoungGen      total 147456K, used 98883K [0x00000000d5580000, 0x00000000dfc80000, 0x0000000100000000)
  eden space 133120K, 63% used [0x00000000d5580000,0x00000000da8133c0,0x00000000dd780000)
  from space 14336K, 99% used [0x00000000de880000,0x00000000df67d9b0,0x00000000df680000)
  to   space 17408K, 0% used [0x00000000dd780000,0x00000000dd780000,0x00000000de880000)
 ParOldGen       total 115200K, used 19526K [0x0000000080000000, 0x0000000087080000, 0x00000000d5580000)
  object space 115200K, 16% used [0x0000000080000000,0x0000000081311850,0x0000000087080000)
 Metaspace       used 56368K, capacity 58842K, committed 59028K, reserved 1099776K
  class space    used 7444K, capacity 7912K, committed 7936K, reserved 1048576K
Event: 15.855 GC heap after
Heap after GC invocations=13 (full 2):
 PSYoungGen      total 150528K, used 17399K [0x00000000d5580000, 0x00000000e2000000, 0x0000000100000000)
  eden space 133120K, 0% used [0x00000000d5580000,0x00000000d5580000,0x00000000dd780000)
  from space 17408K, 99% used [0x00000000dd780000,0x00000000de87dfc0,0x00000000de880000)
  to   space 20992K, 0% used [0x00000000e0b80000,0x00000000e0b80000,0x00000000e2000000)
 ParOldGen       total 115200K, used 23580K [0x0000000080000000, 0x0000000087080000, 0x00000000d5580000)
  object space 115200K, 20% used [0x0000000080000000,0x0000000081707278,0x0000000087080000)
 Metaspace       used 56368K, capacity 58842K, committed 59028K, reserved 1099776K
  class space    used 7444K, capacity 7912K, committed 7936K, reserved 1048576K
}
Event: 15.855 GC heap before
{Heap before GC invocations=14 (full 3):
 PSYoungGen      total 150528K, used 17399K [0x00000000d5580000, 0x00000000e2000000, 0x0000000100000000)
  eden space 133120K, 0% used [0x00000000d5580000,0x00000000d5580000,0x00000000dd780000)
  from space 17408K, 99% used [0x00000000dd780000,0x00000000de87dfc0,0x00000000de880000)
  to   space 20992K, 0% used [0x00000000e0b80000,0x00000000e0b80000,0x00000000e2000000)
 ParOldGen       total 115200K, used 23580K [0x0000000080000000, 0x0000000087080000, 0x00000000d5580000)
  object space 115200K, 20% used [0x0000000080000000,0x0000000081707278,0x0000000087080000)
 Metaspace       used 56368K, capacity 58842K, committed 59028K, reserved 1099776K
  class space    used 7444K, capacity 7912K, committed 7936K, reserved 1048576K
Event: 16.330 GC heap after
Heap after GC invocations=14 (full 3):
 PSYoungGen      total 150528K, used 0K [0x00000000d5580000, 0x00000000e2000000, 0x0000000100000000)
  eden space 133120K, 0% used [0x00000000d5580000,0x00000000d5580000,0x00000000dd780000)
  from space 17408K, 0% used [0x00000000dd780000,0x00000000dd780000,0x00000000de880000)
  to   space 20992K, 0% used [0x00000000e0b80000,0x00000000e0b80000,0x00000000e2000000)
 ParOldGen       total 176128K, used 35298K [0x0000000080000000, 0x000000008ac00000, 0x00000000d5580000)
  object space 176128K, 20% used [0x0000000080000000,0x0000000082278990,0x000000008ac00000)
 Metaspace       used 56310K, capacity 58676K, committed 59028K, reserved 1099776K
  class space    used 7427K, capacity 7888K, committed 7936K, reserved 1048576K
}
Event: 19.609 GC heap before
{Heap before GC invocations=15 (full 3):
 PSYoungGen      total 150528K, used 133120K [0x00000000d5580000, 0x00000000e2000000, 0x0000000100000000)
  eden space 133120K, 100% used [0x00000000d5580000,0x00000000dd780000,0x00000000dd780000)
  from space 17408K, 0% used [0x00000000dd780000,0x00000000dd780000,0x00000000de880000)
  to   space 20992K, 0% used [0x00000000e0b80000,0x00000000e0b80000,0x00000000e2000000)
 ParOldGen       total 176128K, used 35298K [0x0000000080000000, 0x000000008ac00000, 0x00000000d5580000)
  object space 176128K, 20% used [0x0000000080000000,0x0000000082278990,0x000000008ac00000)
 Metaspace       used 65138K, capacity 67882K, committed 68056K, reserved 1107968K
  class space    used 8834K, capacity 9369K, committed 9472K, reserved 1048576K
Event: 19.636 GC heap after
Heap after GC invocations=15 (full 3):
 PSYoungGen      total 169472K, used 12427K [0x00000000d5580000, 0x00000000e1800000, 0x0000000100000000)
  eden space 156672K, 0% used [0x00000000d5580000,0x00000000d5580000,0x00000000dee80000)
  from space 12800K, 97% used [0x00000000e0b80000,0x00000000e17a2d00,0x00000000e1800000)
  to   space 20992K, 0% used [0x00000000def00000,0x00000000def00000,0x00000000e0380000)
 ParOldGen       total 176128K, used 35306K [0x0000000080000000, 0x000000008ac00000, 0x00000000d5580000)
  object space 176128K, 20% used [0x0000000080000000,0x000000008227a990,0x000000008ac00000)
 Metaspace       used 65138K, capacity 67882K, committed 68056K, reserved 1107968K
  class space    used 8834K, capacity 9369K, committed 9472K, reserved 1048576K
}
Event: 23.517 GC heap before
{Heap before GC invocations=16 (full 3):
 PSYoungGen      total 169472K, used 169099K [0x00000000d5580000, 0x00000000e1800000, 0x0000000100000000)
  eden space 156672K, 100% used [0x00000000d5580000,0x00000000dee80000,0x00000000dee80000)
  from space 12800K, 97% used [0x00000000e0b80000,0x00000000e17a2d00,0x00000000e1800000)
  to   space 20992K, 0% used [0x00000000def00000,0x00000000def00000,0x00000000e0380000)
 ParOldGen       total 176128K, used 35306K [0x0000000080000000, 0x000000008ac00000, 0x00000000d5580000)
  object space 176128K, 20% used [0x0000000080000000,0x000000008227a990,0x000000008ac00000)
 Metaspace       used 73262K, capacity 76702K, committed 77016K, reserved 1116160K
  class space    used 10007K, capacity 10660K, committed 10752K, reserved 1048576K
Event: 23.560 GC heap after
Heap after GC invocations=16 (full 3):
 PSYoungGen      total 178176K, used 20024K [0x00000000d5580000, 0x00000000e3600000, 0x0000000100000000)
  eden space 157184K, 0% used [0x00000000d5580000,0x00000000d5580000,0x00000000def00000)
  from space 20992K, 95% used [0x00000000def00000,0x00000000e028e398,0x00000000e0380000)
  to   space 23552K, 0% used [0x00000000e1f00000,0x00000000e1f00000,0x00000000e3600000)
 ParOldGen       total 176128K, used 35314K [0x0000000080000000, 0x000000008ac00000, 0x00000000d5580000)
  object space 176128K, 20% used [0x0000000080000000,0x000000008227c990,0x000000008ac00000)
 Metaspace       used 73262K, capacity 76702K, committed 77016K, reserved 1116160K
  class space    used 10007K, capacity 10660K, committed 10752K, reserved 1048576K
}

